  copy.cpp
  main.cpp
c:\users\arkad\documents\deadshot files\c++ programs\sfml\tests\playing_with_bfs\playing_with_bfs\main.cpp(90): warning C4244: '=': conversion from 'T' to 'float', possible loss of data
          with
          [
              T=int
          ]
c:\users\arkad\documents\deadshot files\c++ programs\sfml\tests\playing_with_bfs\playing_with_bfs\main.cpp(91): warning C4244: '=': conversion from 'T' to 'float', possible loss of data
          with
          [
              T=int
          ]
c:\users\arkad\documents\deadshot files\c++ programs\sfml\tests\playing_with_bfs\playing_with_bfs\main.cpp(138): warning C4244: 'argument': conversion from 'int' to 'float', possible loss of data
c:\users\arkad\documents\deadshot files\c++ programs\sfml\tests\playing_with_bfs\playing_with_bfs\main.cpp(202): warning C4018: '<': signed/unsigned mismatch
c:\users\arkad\documents\deadshot files\c++ programs\sfml\tests\playing_with_bfs\playing_with_bfs\main.cpp(203): warning C4018: '<': signed/unsigned mismatch
  Generating code
  5 of 251 functions ( 2.0%) were compiled, the rest were copied from previous compilation.
    0 functions were new in current compilation
    1 functions had inline decision re-evaluated but remain unchanged
  Finished generating code
  Playing_with_BFS.vcxproj -> C:\Users\arkad\Documents\DEADSHOT FILES\C++ Programs\SFML\TESTS\Playing_with_BFS\Release\Playing_with_BFS.exe
